2017-10-19 15:59:17,699 INFO 6024 [egg:logger] init all loggers with options: {"dir":"F:\\hejing\\egg\\egg-example\\logs\\hejing","encoding":"utf8","env":"local","level":"INFO","consoleLevel":"INFO","disableConsoleAfterReady":false,"outputJSON":false,"buffer":true,"appLogName":"hejing-web.log","coreLogName":"egg-web.log","agentLogName":"egg-agent.log","errorLogName":"common-error.log","coreLogger":{"consoleLevel":"WARN"},"allowDebugAtProd":true,"type":"application"}
2017-10-19 15:59:17,757 INFO 6024 [egg-schedule]: register schedule F:\hejing\egg\egg-example\node_modules\.2.2.3@egg-logrotator\app\schedule\clean_log.js
2017-10-19 15:59:17,757 INFO 6024 [egg-schedule]: register schedule F:\hejing\egg\egg-example\node_modules\.2.2.3@egg-logrotator\app\schedule\rotate_by_file.js
2017-10-19 15:59:17,878 INFO 6024 [egg-static] starting static serve /public/ -> F:\hejing\egg\egg-example\app\public
2017-10-19 15:59:17,884 INFO 6024 [egg-security] use csrf middleware
2017-10-19 15:59:17,886 INFO 6024 [egg-security] use methodnoallow middleware
2017-10-19 15:59:17,888 INFO 6024 [egg-security] use noopen middleware
2017-10-19 15:59:17,889 INFO 6024 [egg-security] use nosniff middleware
2017-10-19 15:59:17,890 INFO 6024 [egg-security] use xssProtection middleware
2017-10-19 15:59:17,892 INFO 6024 [egg-security] use xframe middleware
2017-10-19 15:59:17,894 INFO 6024 [egg-security] use dta middleware
2017-10-19 15:59:17,894 INFO 6024 [egg-security] compose 7 middlewares into one security middleware
2017-10-19 15:59:17,949 INFO 6024 [egg-watcher:app] watcher start success
2017-12-28 15:43:10,642 INFO 9956 [egg:logger] init all loggers with options: {"dir":"F:\\hejing\\egg\\egg-example\\logs\\hejing","encoding":"utf8","env":"local","level":"INFO","consoleLevel":"INFO","disableConsoleAfterReady":false,"outputJSON":false,"buffer":true,"appLogName":"hejing-web.log","coreLogName":"egg-web.log","agentLogName":"egg-agent.log","errorLogName":"common-error.log","coreLogger":{"consoleLevel":"WARN"},"allowDebugAtProd":true,"type":"application"}
2017-12-28 15:43:10,877 INFO 9956 [egg-schedule]: register schedule F:\hejing\egg\egg-example\node_modules\.2.2.3@egg-logrotator\app\schedule\clean_log.js
2017-12-28 15:43:10,877 INFO 9956 [egg-schedule]: register schedule F:\hejing\egg\egg-example\node_modules\.2.2.3@egg-logrotator\app\schedule\rotate_by_file.js
2017-12-28 15:43:11,794 INFO 9956 [egg-static] starting static serve /public/ -> F:\hejing\egg\egg-example\app\public
2017-12-28 15:43:11,818 INFO 9956 [egg-security] use csrf middleware
2017-12-28 15:43:11,824 INFO 9956 [egg-security] use methodnoallow middleware
2017-12-28 15:43:11,834 INFO 9956 [egg-security] use noopen middleware
2017-12-28 15:43:11,837 INFO 9956 [egg-security] use nosniff middleware
2017-12-28 15:43:11,841 INFO 9956 [egg-security] use xssProtection middleware
2017-12-28 15:43:11,844 INFO 9956 [egg-security] use xframe middleware
2017-12-28 15:43:11,847 INFO 9956 [egg-security] use dta middleware
2017-12-28 15:43:11,847 INFO 9956 [egg-security] compose 7 middlewares into one security middleware
2017-12-28 15:43:11,931 INFO 9956 [egg-watcher:app] watcher start success
2017-12-28 15:58:18,836 INFO 2624 [egg:logger] init all loggers with options: {"dir":"F:\\hejing\\egg\\egg-example\\logs\\hejing","encoding":"utf8","env":"local","level":"INFO","consoleLevel":"INFO","disableConsoleAfterReady":false,"outputJSON":false,"buffer":true,"appLogName":"hejing-web.log","coreLogName":"egg-web.log","agentLogName":"egg-agent.log","errorLogName":"common-error.log","coreLogger":{"consoleLevel":"WARN"},"allowDebugAtProd":true,"type":"application"}
2017-12-28 15:58:18,902 INFO 2624 [egg-schedule]: register schedule F:\hejing\egg\egg-example\node_modules\.2.2.3@egg-logrotator\app\schedule\clean_log.js
2017-12-28 15:58:18,902 INFO 2624 [egg-schedule]: register schedule F:\hejing\egg\egg-example\node_modules\.2.2.3@egg-logrotator\app\schedule\rotate_by_file.js
2017-12-28 15:58:19,006 INFO 2624 [egg-static] starting static serve /public/ -> F:\hejing\egg\egg-example\app\public
2017-12-28 15:58:19,011 INFO 2624 [egg-security] use csrf middleware
2017-12-28 15:58:19,013 INFO 2624 [egg-security] use methodnoallow middleware
2017-12-28 15:58:19,015 INFO 2624 [egg-security] use noopen middleware
2017-12-28 15:58:19,016 INFO 2624 [egg-security] use nosniff middleware
2017-12-28 15:58:19,017 INFO 2624 [egg-security] use xssProtection middleware
2017-12-28 15:58:19,018 INFO 2624 [egg-security] use xframe middleware
2017-12-28 15:58:19,019 INFO 2624 [egg-security] use dta middleware
2017-12-28 15:58:19,019 INFO 2624 [egg-security] compose 7 middlewares into one security middleware
2017-12-28 15:58:19,054 INFO 2624 [egg-watcher:app] watcher start success
2017-12-28 15:59:35,259 INFO 10160 [egg:logger] init all loggers with options: {"dir":"F:\\hejing\\egg\\egg-example\\logs\\hejing","encoding":"utf8","env":"local","level":"INFO","consoleLevel":"INFO","disableConsoleAfterReady":false,"outputJSON":false,"buffer":true,"appLogName":"hejing-web.log","coreLogName":"egg-web.log","agentLogName":"egg-agent.log","errorLogName":"common-error.log","coreLogger":{"consoleLevel":"WARN"},"allowDebugAtProd":true,"type":"application"}
2017-12-28 15:59:35,308 INFO 10160 [egg-schedule]: register schedule F:\hejing\egg\egg-example\node_modules\.2.2.3@egg-logrotator\app\schedule\clean_log.js
2017-12-28 15:59:35,308 INFO 10160 [egg-schedule]: register schedule F:\hejing\egg\egg-example\node_modules\.2.2.3@egg-logrotator\app\schedule\rotate_by_file.js
2017-12-28 15:59:35,437 INFO 10160 [egg-static] starting static serve /public/ -> F:\hejing\egg\egg-example\app\public
2017-12-28 15:59:35,441 INFO 10160 [egg-security] use csrf middleware
2017-12-28 15:59:35,444 INFO 10160 [egg-security] use methodnoallow middleware
2017-12-28 15:59:35,445 INFO 10160 [egg-security] use noopen middleware
2017-12-28 15:59:35,446 INFO 10160 [egg-security] use nosniff middleware
2017-12-28 15:59:35,447 INFO 10160 [egg-security] use xssProtection middleware
2017-12-28 15:59:35,448 INFO 10160 [egg-security] use xframe middleware
2017-12-28 15:59:35,449 INFO 10160 [egg-security] use dta middleware
2017-12-28 15:59:35,449 INFO 10160 [egg-security] compose 7 middlewares into one security middleware
2017-12-28 15:59:35,484 INFO 10160 [egg-watcher:app] watcher start success
2017-12-28 16:04:22,461 INFO 12120 [egg:logger] init all loggers with options: {"dir":"F:\\hejing\\egg\\egg-example\\logs\\hejing","encoding":"utf8","env":"local","level":"INFO","consoleLevel":"INFO","disableConsoleAfterReady":false,"outputJSON":false,"buffer":true,"appLogName":"hejing-web.log","coreLogName":"egg-web.log","agentLogName":"egg-agent.log","errorLogName":"common-error.log","coreLogger":{"consoleLevel":"WARN"},"allowDebugAtProd":true,"type":"application"}
2017-12-28 16:04:22,526 INFO 12120 [egg-schedule]: register schedule F:\hejing\egg\egg-example\node_modules\.2.2.3@egg-logrotator\app\schedule\clean_log.js
2017-12-28 16:04:22,526 INFO 12120 [egg-schedule]: register schedule F:\hejing\egg\egg-example\node_modules\.2.2.3@egg-logrotator\app\schedule\rotate_by_file.js
2017-12-28 16:04:22,634 INFO 12120 [egg-static] starting static serve /public/ -> F:\hejing\egg\egg-example\app\public
2017-12-28 16:04:22,638 INFO 12120 [egg-security] use csrf middleware
2017-12-28 16:04:22,640 INFO 12120 [egg-security] use methodnoallow middleware
2017-12-28 16:04:22,641 INFO 12120 [egg-security] use noopen middleware
2017-12-28 16:04:22,642 INFO 12120 [egg-security] use nosniff middleware
2017-12-28 16:04:22,643 INFO 12120 [egg-security] use xssProtection middleware
2017-12-28 16:04:22,644 INFO 12120 [egg-security] use xframe middleware
2017-12-28 16:04:22,645 INFO 12120 [egg-security] use dta middleware
2017-12-28 16:04:22,645 INFO 12120 [egg-security] compose 7 middlewares into one security middleware
2017-12-28 16:04:22,681 INFO 12120 [egg-watcher:app] watcher start success
2017-12-28 16:04:46,382 INFO 5984 [egg:logger] init all loggers with options: {"dir":"F:\\hejing\\egg\\egg-example\\logs\\hejing","encoding":"utf8","env":"local","level":"INFO","consoleLevel":"INFO","disableConsoleAfterReady":false,"outputJSON":false,"buffer":true,"appLogName":"hejing-web.log","coreLogName":"egg-web.log","agentLogName":"egg-agent.log","errorLogName":"common-error.log","coreLogger":{"consoleLevel":"WARN"},"allowDebugAtProd":true,"type":"application"}
2017-12-28 16:04:46,429 INFO 5984 [egg-schedule]: register schedule F:\hejing\egg\egg-example\node_modules\.2.2.3@egg-logrotator\app\schedule\clean_log.js
2017-12-28 16:04:46,429 INFO 5984 [egg-schedule]: register schedule F:\hejing\egg\egg-example\node_modules\.2.2.3@egg-logrotator\app\schedule\rotate_by_file.js
2017-12-28 16:04:46,539 INFO 5984 [egg-static] starting static serve /public/ -> F:\hejing\egg\egg-example\app\public
2017-12-28 16:04:46,543 INFO 5984 [egg-security] use csrf middleware
2017-12-28 16:04:46,546 INFO 5984 [egg-security] use methodnoallow middleware
2017-12-28 16:04:46,547 INFO 5984 [egg-security] use noopen middleware
2017-12-28 16:04:46,548 INFO 5984 [egg-security] use nosniff middleware
2017-12-28 16:04:46,549 INFO 5984 [egg-security] use xssProtection middleware
2017-12-28 16:04:46,551 INFO 5984 [egg-security] use xframe middleware
2017-12-28 16:04:46,552 INFO 5984 [egg-security] use dta middleware
2017-12-28 16:04:46,552 INFO 5984 [egg-security] compose 7 middlewares into one security middleware
2017-12-28 16:04:46,593 INFO 5984 [egg-watcher:app] watcher start success
2017-12-28 16:07:23,230 INFO 10516 [egg:logger] init all loggers with options: {"dir":"F:\\hejing\\egg\\egg-example\\logs\\hejing","encoding":"utf8","env":"local","level":"INFO","consoleLevel":"INFO","disableConsoleAfterReady":false,"outputJSON":false,"buffer":true,"appLogName":"hejing-web.log","coreLogName":"egg-web.log","agentLogName":"egg-agent.log","errorLogName":"common-error.log","coreLogger":{"consoleLevel":"WARN"},"allowDebugAtProd":true,"type":"application"}
2017-12-28 16:07:23,283 INFO 10516 [egg-schedule]: register schedule F:\hejing\egg\egg-example\node_modules\.2.2.3@egg-logrotator\app\schedule\clean_log.js
2017-12-28 16:07:23,283 INFO 10516 [egg-schedule]: register schedule F:\hejing\egg\egg-example\node_modules\.2.2.3@egg-logrotator\app\schedule\rotate_by_file.js
2017-12-28 16:07:23,401 INFO 10516 [egg-static] starting static serve /public/ -> F:\hejing\egg\egg-example\app\public
2017-12-28 16:07:23,406 INFO 10516 [egg-security] use csrf middleware
2017-12-28 16:07:23,408 INFO 10516 [egg-security] use methodnoallow middleware
2017-12-28 16:07:23,409 INFO 10516 [egg-security] use noopen middleware
2017-12-28 16:07:23,409 INFO 10516 [egg-security] use nosniff middleware
2017-12-28 16:07:23,410 INFO 10516 [egg-security] use xssProtection middleware
2017-12-28 16:07:23,411 INFO 10516 [egg-security] use xframe middleware
2017-12-28 16:07:23,413 INFO 10516 [egg-security] use dta middleware
2017-12-28 16:07:23,413 INFO 10516 [egg-security] compose 7 middlewares into one security middleware
2017-12-28 16:07:23,458 INFO 10516 [egg-watcher:app] watcher start success
2017-12-28 16:11:30,648 INFO 15072 [egg:logger] init all loggers with options: {"dir":"F:\\hejing\\egg\\egg-example\\logs\\hejing","encoding":"utf8","env":"local","level":"INFO","consoleLevel":"INFO","disableConsoleAfterReady":false,"outputJSON":false,"buffer":true,"appLogName":"hejing-web.log","coreLogName":"egg-web.log","agentLogName":"egg-agent.log","errorLogName":"common-error.log","coreLogger":{"consoleLevel":"WARN"},"allowDebugAtProd":true,"type":"application"}
2017-12-28 16:11:30,694 INFO 15072 [egg-schedule]: register schedule F:\hejing\egg\egg-example\node_modules\.2.2.3@egg-logrotator\app\schedule\clean_log.js
2017-12-28 16:11:30,694 INFO 15072 [egg-schedule]: register schedule F:\hejing\egg\egg-example\node_modules\.2.2.3@egg-logrotator\app\schedule\rotate_by_file.js
2017-12-28 16:11:30,807 INFO 15072 [egg-static] starting static serve /public/ -> F:\hejing\egg\egg-example\app\public
2017-12-28 16:11:30,812 INFO 15072 [egg-security] use csrf middleware
2017-12-28 16:11:30,815 INFO 15072 [egg-security] use methodnoallow middleware
2017-12-28 16:11:30,815 INFO 15072 [egg-security] use noopen middleware
2017-12-28 16:11:30,816 INFO 15072 [egg-security] use nosniff middleware
2017-12-28 16:11:30,817 INFO 15072 [egg-security] use xssProtection middleware
2017-12-28 16:11:30,819 INFO 15072 [egg-security] use xframe middleware
2017-12-28 16:11:30,821 INFO 15072 [egg-security] use dta middleware
2017-12-28 16:11:30,821 INFO 15072 [egg-security] compose 7 middlewares into one security middleware
2017-12-28 16:11:30,867 INFO 15072 [egg-watcher:app] watcher start success
2017-12-28 16:11:34,574 INFO 14596 [egg:logger] init all loggers with options: {"dir":"F:\\hejing\\egg\\egg-example\\logs\\hejing","encoding":"utf8","env":"local","level":"INFO","consoleLevel":"INFO","disableConsoleAfterReady":false,"outputJSON":false,"buffer":true,"appLogName":"hejing-web.log","coreLogName":"egg-web.log","agentLogName":"egg-agent.log","errorLogName":"common-error.log","coreLogger":{"consoleLevel":"WARN"},"allowDebugAtProd":true,"type":"application"}
2017-12-28 16:11:34,621 INFO 14596 [egg-schedule]: register schedule F:\hejing\egg\egg-example\node_modules\.2.2.3@egg-logrotator\app\schedule\clean_log.js
2017-12-28 16:11:34,621 INFO 14596 [egg-schedule]: register schedule F:\hejing\egg\egg-example\node_modules\.2.2.3@egg-logrotator\app\schedule\rotate_by_file.js
2017-12-28 16:11:34,755 INFO 14596 [egg-static] starting static serve /public/ -> F:\hejing\egg\egg-example\app\public
2017-12-28 16:11:34,760 INFO 14596 [egg-security] use csrf middleware
2017-12-28 16:11:34,763 INFO 14596 [egg-security] use methodnoallow middleware
2017-12-28 16:11:34,763 INFO 14596 [egg-security] use noopen middleware
2017-12-28 16:11:34,764 INFO 14596 [egg-security] use nosniff middleware
2017-12-28 16:11:34,764 INFO 14596 [egg-security] use xssProtection middleware
2017-12-28 16:11:34,766 INFO 14596 [egg-security] use xframe middleware
2017-12-28 16:11:34,767 INFO 14596 [egg-security] use dta middleware
2017-12-28 16:11:34,767 INFO 14596 [egg-security] compose 7 middlewares into one security middleware
2017-12-28 16:11:34,803 INFO 14596 [egg-watcher:app] watcher start success
2017-12-28 16:11:44,026 INFO 11404 [egg:logger] init all loggers with options: {"dir":"F:\\hejing\\egg\\egg-example\\logs\\hejing","encoding":"utf8","env":"local","level":"INFO","consoleLevel":"INFO","disableConsoleAfterReady":false,"outputJSON":false,"buffer":true,"appLogName":"hejing-web.log","coreLogName":"egg-web.log","agentLogName":"egg-agent.log","errorLogName":"common-error.log","coreLogger":{"consoleLevel":"WARN"},"allowDebugAtProd":true,"type":"application"}
2017-12-28 16:11:44,073 INFO 11404 [egg-schedule]: register schedule F:\hejing\egg\egg-example\node_modules\.2.2.3@egg-logrotator\app\schedule\clean_log.js
2017-12-28 16:11:44,073 INFO 11404 [egg-schedule]: register schedule F:\hejing\egg\egg-example\node_modules\.2.2.3@egg-logrotator\app\schedule\rotate_by_file.js
2017-12-28 16:11:44,178 INFO 11404 [egg-static] starting static serve /public/ -> F:\hejing\egg\egg-example\app\public
2017-12-28 16:11:44,183 INFO 11404 [egg-security] use csrf middleware
2017-12-28 16:11:44,186 INFO 11404 [egg-security] use methodnoallow middleware
2017-12-28 16:11:44,187 INFO 11404 [egg-security] use noopen middleware
2017-12-28 16:11:44,188 INFO 11404 [egg-security] use nosniff middleware
2017-12-28 16:11:44,189 INFO 11404 [egg-security] use xssProtection middleware
2017-12-28 16:11:44,191 INFO 11404 [egg-security] use xframe middleware
2017-12-28 16:11:44,192 INFO 11404 [egg-security] use dta middleware
2017-12-28 16:11:44,192 INFO 11404 [egg-security] compose 7 middlewares into one security middleware
2017-12-28 16:11:44,235 INFO 11404 [egg-watcher:app] watcher start success
2017-12-28 16:13:23,111 INFO 12608 [egg:logger] init all loggers with options: {"dir":"F:\\hejing\\egg\\egg-example\\logs\\hejing","encoding":"utf8","env":"local","level":"INFO","consoleLevel":"INFO","disableConsoleAfterReady":false,"outputJSON":false,"buffer":true,"appLogName":"hejing-web.log","coreLogName":"egg-web.log","agentLogName":"egg-agent.log","errorLogName":"common-error.log","coreLogger":{"consoleLevel":"WARN"},"allowDebugAtProd":true,"type":"application"}
2017-12-28 16:13:23,161 INFO 12608 [egg-schedule]: register schedule F:\hejing\egg\egg-example\node_modules\.2.2.3@egg-logrotator\app\schedule\clean_log.js
2017-12-28 16:13:23,161 INFO 12608 [egg-schedule]: register schedule F:\hejing\egg\egg-example\node_modules\.2.2.3@egg-logrotator\app\schedule\rotate_by_file.js
2017-12-28 16:13:23,273 INFO 12608 [egg-static] starting static serve /public/ -> F:\hejing\egg\egg-example\app\public
2017-12-28 16:13:23,280 INFO 12608 [egg-security] use csrf middleware
2017-12-28 16:13:23,284 INFO 12608 [egg-security] use methodnoallow middleware
2017-12-28 16:13:23,285 INFO 12608 [egg-security] use noopen middleware
2017-12-28 16:13:23,287 INFO 12608 [egg-security] use nosniff middleware
2017-12-28 16:13:23,288 INFO 12608 [egg-security] use xssProtection middleware
2017-12-28 16:13:23,290 INFO 12608 [egg-security] use xframe middleware
2017-12-28 16:13:23,291 INFO 12608 [egg-security] use dta middleware
2017-12-28 16:13:23,291 INFO 12608 [egg-security] compose 7 middlewares into one security middleware
2017-12-28 16:13:23,330 INFO 12608 [egg-watcher:app] watcher start success
2017-12-28 16:15:01,022 INFO 14504 [egg:logger] init all loggers with options: {"dir":"F:\\hejing\\egg\\egg-example\\logs\\hejing","encoding":"utf8","env":"local","level":"INFO","consoleLevel":"INFO","disableConsoleAfterReady":false,"outputJSON":false,"buffer":true,"appLogName":"hejing-web.log","coreLogName":"egg-web.log","agentLogName":"egg-agent.log","errorLogName":"common-error.log","coreLogger":{"consoleLevel":"WARN"},"allowDebugAtProd":true,"type":"application"}
2017-12-28 16:15:01,080 INFO 14504 [egg-schedule]: register schedule F:\hejing\egg\egg-example\node_modules\.2.2.3@egg-logrotator\app\schedule\clean_log.js
2017-12-28 16:15:01,080 INFO 14504 [egg-schedule]: register schedule F:\hejing\egg\egg-example\node_modules\.2.2.3@egg-logrotator\app\schedule\rotate_by_file.js
2017-12-28 16:15:01,202 INFO 14504 [egg-static] starting static serve /public/ -> F:\hejing\egg\egg-example\app\public
2017-12-28 16:15:01,206 INFO 14504 [egg-security] use csrf middleware
2017-12-28 16:15:01,208 INFO 14504 [egg-security] use methodnoallow middleware
2017-12-28 16:15:01,208 INFO 14504 [egg-security] use noopen middleware
2017-12-28 16:15:01,209 INFO 14504 [egg-security] use nosniff middleware
2017-12-28 16:15:01,209 INFO 14504 [egg-security] use xssProtection middleware
2017-12-28 16:15:01,210 INFO 14504 [egg-security] use xframe middleware
2017-12-28 16:15:01,212 INFO 14504 [egg-security] use dta middleware
2017-12-28 16:15:01,212 INFO 14504 [egg-security] compose 7 middlewares into one security middleware
2017-12-28 16:15:01,241 INFO 14504 [egg-watcher:app] watcher start success
2017-12-28 16:15:04,813 INFO 14504 [egg-view-nunjucks] loading templates from ["F:\\hejing\\egg\\egg-example\\app\\view"]
2017-12-28 16:16:04,909 INFO 9676 [egg:logger] init all loggers with options: {"dir":"F:\\hejing\\egg\\egg-example\\logs\\hejing","encoding":"utf8","env":"local","level":"INFO","consoleLevel":"INFO","disableConsoleAfterReady":false,"outputJSON":false,"buffer":true,"appLogName":"hejing-web.log","coreLogName":"egg-web.log","agentLogName":"egg-agent.log","errorLogName":"common-error.log","coreLogger":{"consoleLevel":"WARN"},"allowDebugAtProd":true,"type":"application"}
2017-12-28 16:16:04,956 INFO 9676 [egg-schedule]: register schedule F:\hejing\egg\egg-example\node_modules\.2.2.3@egg-logrotator\app\schedule\clean_log.js
2017-12-28 16:16:04,956 INFO 9676 [egg-schedule]: register schedule F:\hejing\egg\egg-example\node_modules\.2.2.3@egg-logrotator\app\schedule\rotate_by_file.js
2017-12-28 16:16:05,090 INFO 9676 [egg-static] starting static serve /public/ -> F:\hejing\egg\egg-example\app\public
2017-12-28 16:16:05,096 INFO 9676 [egg-security] use csrf middleware
2017-12-28 16:16:05,099 INFO 9676 [egg-security] use methodnoallow middleware
2017-12-28 16:16:05,100 INFO 9676 [egg-security] use noopen middleware
2017-12-28 16:16:05,102 INFO 9676 [egg-security] use nosniff middleware
2017-12-28 16:16:05,103 INFO 9676 [egg-security] use xssProtection middleware
2017-12-28 16:16:05,104 INFO 9676 [egg-security] use xframe middleware
2017-12-28 16:16:05,106 INFO 9676 [egg-security] use dta middleware
2017-12-28 16:16:05,106 INFO 9676 [egg-security] compose 7 middlewares into one security middleware
2017-12-28 16:16:05,139 INFO 9676 [egg-watcher:app] watcher start success
2017-12-28 16:16:44,534 INFO 9676 [egg-view-nunjucks] loading templates from ["F:\\hejing\\egg\\egg-example\\app\\view"]
2017-12-28 16:17:08,176 INFO 14404 [egg:logger] init all loggers with options: {"dir":"F:\\hejing\\egg\\egg-example\\logs\\hejing","encoding":"utf8","env":"local","level":"INFO","consoleLevel":"INFO","disableConsoleAfterReady":false,"outputJSON":false,"buffer":true,"appLogName":"hejing-web.log","coreLogName":"egg-web.log","agentLogName":"egg-agent.log","errorLogName":"common-error.log","coreLogger":{"consoleLevel":"WARN"},"allowDebugAtProd":true,"type":"application"}
2017-12-28 16:17:08,220 INFO 14404 [egg-schedule]: register schedule F:\hejing\egg\egg-example\node_modules\.2.2.3@egg-logrotator\app\schedule\clean_log.js
2017-12-28 16:17:08,220 INFO 14404 [egg-schedule]: register schedule F:\hejing\egg\egg-example\node_modules\.2.2.3@egg-logrotator\app\schedule\rotate_by_file.js
2017-12-28 16:17:08,341 INFO 14404 [egg-static] starting static serve /public/ -> F:\hejing\egg\egg-example\app\public
2017-12-28 16:17:08,346 INFO 14404 [egg-security] use csrf middleware
2017-12-28 16:17:08,349 INFO 14404 [egg-security] use methodnoallow middleware
2017-12-28 16:17:08,349 INFO 14404 [egg-security] use noopen middleware
2017-12-28 16:17:08,351 INFO 14404 [egg-security] use nosniff middleware
2017-12-28 16:17:08,352 INFO 14404 [egg-security] use xssProtection middleware
2017-12-28 16:17:08,354 INFO 14404 [egg-security] use xframe middleware
2017-12-28 16:17:08,357 INFO 14404 [egg-security] use dta middleware
2017-12-28 16:17:08,357 INFO 14404 [egg-security] compose 7 middlewares into one security middleware
2017-12-28 16:17:08,397 INFO 14404 [egg-watcher:app] watcher start success
2017-12-28 16:18:32,227 INFO 14404 [egg-view-nunjucks] loading templates from ["F:\\hejing\\egg\\egg-example\\app\\view"]
2017-12-28 17:29:21,480 INFO 13744 [egg:logger] init all loggers with options: {"dir":"F:\\hejing\\egg\\egg-example\\logs\\hejing","encoding":"utf8","env":"local","level":"INFO","consoleLevel":"INFO","disableConsoleAfterReady":false,"outputJSON":false,"buffer":true,"appLogName":"hejing-web.log","coreLogName":"egg-web.log","agentLogName":"egg-agent.log","errorLogName":"common-error.log","coreLogger":{"consoleLevel":"WARN"},"allowDebugAtProd":true,"type":"application"}
2017-12-28 17:29:21,538 INFO 13744 [egg-schedule]: register schedule F:\hejing\egg\egg-example\node_modules\.2.2.3@egg-logrotator\app\schedule\clean_log.js
2017-12-28 17:29:21,538 INFO 13744 [egg-schedule]: register schedule F:\hejing\egg\egg-example\node_modules\.2.2.3@egg-logrotator\app\schedule\rotate_by_file.js
2017-12-28 17:29:21,652 INFO 13744 [egg-static] starting static serve /public/ -> F:\hejing\egg\egg-example\app\public
2017-12-28 17:29:21,656 INFO 13744 [egg-security] use csrf middleware
2017-12-28 17:29:21,658 INFO 13744 [egg-security] use methodnoallow middleware
2017-12-28 17:29:21,659 INFO 13744 [egg-security] use noopen middleware
2017-12-28 17:29:21,660 INFO 13744 [egg-security] use nosniff middleware
2017-12-28 17:29:21,661 INFO 13744 [egg-security] use xssProtection middleware
2017-12-28 17:29:21,662 INFO 13744 [egg-security] use xframe middleware
2017-12-28 17:29:21,663 INFO 13744 [egg-security] use dta middleware
2017-12-28 17:29:21,663 INFO 13744 [egg-security] compose 7 middlewares into one security middleware
2017-12-28 17:29:21,692 INFO 13744 [egg-watcher:app] watcher start success
2017-12-28 17:33:28,365 INFO 13744 [egg-view-nunjucks] loading templates from ["F:\\hejing\\egg\\egg-example\\app\\view"]
2017-12-28 17:34:14,316 INFO 7816 [egg:logger] init all loggers with options: {"dir":"F:\\hejing\\egg\\egg-example\\logs\\hejing","encoding":"utf8","env":"local","level":"INFO","consoleLevel":"INFO","disableConsoleAfterReady":false,"outputJSON":false,"buffer":true,"appLogName":"hejing-web.log","coreLogName":"egg-web.log","agentLogName":"egg-agent.log","errorLogName":"common-error.log","coreLogger":{"consoleLevel":"WARN"},"allowDebugAtProd":true,"type":"application"}
2017-12-28 17:34:14,400 INFO 7816 [egg-schedule]: register schedule F:\hejing\egg\egg-example\node_modules\.2.2.3@egg-logrotator\app\schedule\clean_log.js
2017-12-28 17:34:14,400 INFO 7816 [egg-schedule]: register schedule F:\hejing\egg\egg-example\node_modules\.2.2.3@egg-logrotator\app\schedule\rotate_by_file.js
2017-12-28 17:34:14,587 INFO 7816 [egg-static] starting static serve /public/ -> F:\hejing\egg\egg-example\app\public
2017-12-28 17:34:14,596 INFO 7816 [egg-security] use csrf middleware
2017-12-28 17:34:14,600 INFO 7816 [egg-security] use methodnoallow middleware
2017-12-28 17:34:14,600 INFO 7816 [egg-security] use noopen middleware
2017-12-28 17:34:14,602 INFO 7816 [egg-security] use nosniff middleware
2017-12-28 17:34:14,603 INFO 7816 [egg-security] use xssProtection middleware
2017-12-28 17:34:14,605 INFO 7816 [egg-security] use xframe middleware
2017-12-28 17:34:14,606 INFO 7816 [egg-security] use dta middleware
2017-12-28 17:34:14,606 INFO 7816 [egg-security] compose 7 middlewares into one security middleware
2017-12-28 17:34:14,657 INFO 7816 [egg-watcher:app] watcher start success
2017-12-28 17:38:15,541 INFO 7816 [egg-view-nunjucks] loading templates from ["F:\\hejing\\egg\\egg-example\\app\\view"]
2017-12-29 11:20:56,925 INFO 12680 [egg:logger] init all loggers with options: {"dir":"F:\\hejing\\egg\\egg-example\\logs\\hejing","encoding":"utf8","env":"local","level":"INFO","consoleLevel":"INFO","disableConsoleAfterReady":false,"outputJSON":false,"buffer":true,"appLogName":"hejing-web.log","coreLogName":"egg-web.log","agentLogName":"egg-agent.log","errorLogName":"common-error.log","coreLogger":{"consoleLevel":"WARN"},"allowDebugAtProd":true,"type":"application"}
2017-12-29 11:20:56,975 INFO 12680 [egg-schedule]: register schedule F:\hejing\egg\egg-example\node_modules\.2.2.3@egg-logrotator\app\schedule\clean_log.js
2017-12-29 11:20:56,975 INFO 12680 [egg-schedule]: register schedule F:\hejing\egg\egg-example\node_modules\.2.2.3@egg-logrotator\app\schedule\rotate_by_file.js
2017-12-29 11:20:57,092 INFO 12680 [egg-static] starting static serve /public/ -> F:\hejing\egg\egg-example\app\public
2017-12-29 11:20:57,095 INFO 12680 [egg-security] use csrf middleware
2017-12-29 11:20:57,098 INFO 12680 [egg-security] use methodnoallow middleware
2017-12-29 11:20:57,098 INFO 12680 [egg-security] use noopen middleware
2017-12-29 11:20:57,099 INFO 12680 [egg-security] use nosniff middleware
2017-12-29 11:20:57,100 INFO 12680 [egg-security] use xssProtection middleware
2017-12-29 11:20:57,101 INFO 12680 [egg-security] use xframe middleware
2017-12-29 11:20:57,102 INFO 12680 [egg-security] use dta middleware
2017-12-29 11:20:57,102 INFO 12680 [egg-security] compose 7 middlewares into one security middleware
2017-12-29 11:20:57,136 INFO 12680 [egg-watcher:app] watcher start success
2017-12-29 11:22:28,695 INFO 12680 [egg-view-nunjucks] loading templates from ["F:\\hejing\\egg\\egg-example\\app\\view"]
2017-12-29 13:52:33,073 INFO 13532 [egg:logger] init all loggers with options: {"dir":"F:\\hejing\\egg\\egg-example\\logs\\hejing","encoding":"utf8","env":"local","level":"INFO","consoleLevel":"INFO","disableConsoleAfterReady":false,"outputJSON":false,"buffer":true,"appLogName":"hejing-web.log","coreLogName":"egg-web.log","agentLogName":"egg-agent.log","errorLogName":"common-error.log","coreLogger":{"consoleLevel":"WARN"},"allowDebugAtProd":true,"type":"application"}
2017-12-29 13:52:33,124 INFO 13532 [egg-schedule]: register schedule F:\hejing\egg\egg-example\node_modules\.2.2.3@egg-logrotator\app\schedule\clean_log.js
2017-12-29 13:52:33,125 INFO 13532 [egg-schedule]: register schedule F:\hejing\egg\egg-example\node_modules\.2.2.3@egg-logrotator\app\schedule\rotate_by_file.js
2017-12-29 13:52:33,244 INFO 13532 [egg-static] starting static serve /public/ -> F:\hejing\egg\egg-example\app\public
2017-12-29 13:52:33,249 INFO 13532 [egg-security] use csrf middleware
2017-12-29 13:52:33,251 INFO 13532 [egg-security] use methodnoallow middleware
2017-12-29 13:52:33,253 INFO 13532 [egg-security] use noopen middleware
2017-12-29 13:52:33,254 INFO 13532 [egg-security] use nosniff middleware
2017-12-29 13:52:33,258 INFO 13532 [egg-security] use xssProtection middleware
2017-12-29 13:52:33,260 INFO 13532 [egg-security] use xframe middleware
2017-12-29 13:52:33,262 INFO 13532 [egg-security] use dta middleware
2017-12-29 13:52:33,262 INFO 13532 [egg-security] compose 7 middlewares into one security middleware
2017-12-29 13:52:33,301 INFO 13532 [egg-watcher:app] watcher start success
2017-12-29 13:53:01,483 INFO 13532 [egg-view-nunjucks] loading templates from ["F:\\hejing\\egg\\egg-example\\app\\view"]
2017-12-29 14:47:00,124 INFO 5532 [egg:logger] init all loggers with options: {"dir":"F:\\hejing\\egg\\egg-example\\logs\\hejing","encoding":"utf8","env":"local","level":"INFO","consoleLevel":"INFO","disableConsoleAfterReady":false,"outputJSON":false,"buffer":true,"appLogName":"hejing-web.log","coreLogName":"egg-web.log","agentLogName":"egg-agent.log","errorLogName":"common-error.log","coreLogger":{"consoleLevel":"WARN"},"allowDebugAtProd":true,"type":"application"}
2017-12-29 14:47:00,170 INFO 5532 [egg-schedule]: register schedule F:\hejing\egg\egg-example\node_modules\.2.2.3@egg-logrotator\app\schedule\clean_log.js
2017-12-29 14:47:00,170 INFO 5532 [egg-schedule]: register schedule F:\hejing\egg\egg-example\node_modules\.2.2.3@egg-logrotator\app\schedule\rotate_by_file.js
2017-12-29 14:47:00,289 INFO 5532 [egg-static] starting static serve /public/ -> F:\hejing\egg\egg-example\app\public
2017-12-29 14:47:00,293 INFO 5532 [egg-security] use csrf middleware
2017-12-29 14:47:00,296 INFO 5532 [egg-security] use methodnoallow middleware
2017-12-29 14:47:00,297 INFO 5532 [egg-security] use noopen middleware
2017-12-29 14:47:00,298 INFO 5532 [egg-security] use nosniff middleware
2017-12-29 14:47:00,299 INFO 5532 [egg-security] use xssProtection middleware
2017-12-29 14:47:00,300 INFO 5532 [egg-security] use xframe middleware
2017-12-29 14:47:00,301 INFO 5532 [egg-security] use dta middleware
2017-12-29 14:47:00,301 INFO 5532 [egg-security] compose 7 middlewares into one security middleware
2017-12-29 14:47:00,334 INFO 5532 [egg-watcher:app] watcher start success
2017-12-29 14:47:19,121 INFO 5532 [egg-view-nunjucks] loading templates from ["F:\\hejing\\egg\\egg-example\\app\\view"]
2017-12-29 14:50:45,818 INFO 7512 [egg:logger] init all loggers with options: {"dir":"F:\\hejing\\egg\\egg-example\\logs\\hejing","encoding":"utf8","env":"local","level":"INFO","consoleLevel":"INFO","disableConsoleAfterReady":false,"outputJSON":false,"buffer":true,"appLogName":"hejing-web.log","coreLogName":"egg-web.log","agentLogName":"egg-agent.log","errorLogName":"common-error.log","coreLogger":{"consoleLevel":"WARN"},"allowDebugAtProd":true,"type":"application"}
2017-12-29 14:50:45,864 INFO 7512 [egg-schedule]: register schedule F:\hejing\egg\egg-example\node_modules\.2.2.3@egg-logrotator\app\schedule\clean_log.js
2017-12-29 14:50:45,864 INFO 7512 [egg-schedule]: register schedule F:\hejing\egg\egg-example\node_modules\.2.2.3@egg-logrotator\app\schedule\rotate_by_file.js
2017-12-29 14:50:45,968 INFO 7512 [egg-static] starting static serve /public/ -> F:\hejing\egg\egg-example\app\public
2017-12-29 14:50:45,972 INFO 7512 [egg-security] use csrf middleware
2017-12-29 14:50:45,975 INFO 7512 [egg-security] use methodnoallow middleware
2017-12-29 14:50:45,975 INFO 7512 [egg-security] use noopen middleware
2017-12-29 14:50:45,976 INFO 7512 [egg-security] use nosniff middleware
2017-12-29 14:50:45,976 INFO 7512 [egg-security] use xssProtection middleware
2017-12-29 14:50:45,977 INFO 7512 [egg-security] use xframe middleware
2017-12-29 14:50:45,978 INFO 7512 [egg-security] use dta middleware
2017-12-29 14:50:45,978 INFO 7512 [egg-security] compose 7 middlewares into one security middleware
2017-12-29 14:50:46,009 INFO 7512 [egg-watcher:app] watcher start success
2017-12-29 14:50:46,998 INFO 5740 [egg:logger] init all loggers with options: {"dir":"F:\\hejing\\egg\\egg-example\\logs\\hejing","encoding":"utf8","env":"local","level":"INFO","consoleLevel":"INFO","disableConsoleAfterReady":false,"outputJSON":false,"buffer":true,"appLogName":"hejing-web.log","coreLogName":"egg-web.log","agentLogName":"egg-agent.log","errorLogName":"common-error.log","coreLogger":{"consoleLevel":"WARN"},"allowDebugAtProd":true,"type":"application"}
2017-12-29 14:50:47,046 INFO 5740 [egg-schedule]: register schedule F:\hejing\egg\egg-example\node_modules\.2.2.3@egg-logrotator\app\schedule\clean_log.js
2017-12-29 14:50:47,046 INFO 5740 [egg-schedule]: register schedule F:\hejing\egg\egg-example\node_modules\.2.2.3@egg-logrotator\app\schedule\rotate_by_file.js
2017-12-29 14:50:47,150 INFO 5740 [egg-static] starting static serve /public/ -> F:\hejing\egg\egg-example\app\public
2017-12-29 14:50:47,155 INFO 5740 [egg-security] use csrf middleware
2017-12-29 14:50:47,157 INFO 5740 [egg-security] use methodnoallow middleware
2017-12-29 14:50:47,157 INFO 5740 [egg-security] use noopen middleware
2017-12-29 14:50:47,158 INFO 5740 [egg-security] use nosniff middleware
2017-12-29 14:50:47,158 INFO 5740 [egg-security] use xssProtection middleware
2017-12-29 14:50:47,159 INFO 5740 [egg-security] use xframe middleware
2017-12-29 14:50:47,160 INFO 5740 [egg-security] use dta middleware
2017-12-29 14:50:47,160 INFO 5740 [egg-security] compose 7 middlewares into one security middleware
2017-12-29 14:50:47,193 INFO 5740 [egg-watcher:app] watcher start success
2017-12-29 14:50:48,014 INFO 5740 [egg-view-nunjucks] loading templates from ["F:\\hejing\\egg\\egg-example\\app\\view"]
